<?xml version="1.0" encoding="UTF-8"?>
<coverage generated="1635587178">
  <project timestamp="1635587178">
    <file name="D:\laravel\cnhan13\secretlab-pset01\app\Http\Controllers\Controller.php">
      <class name="App\Http\Controllers\Controller" namespace="global">
        <metrics complexity="0" methods="0" coveredmethods="0" conditionals="0" coveredconditionals="0" statements="0" coveredstatements="0" elements="0" coveredelements="0"/>
      </class>
      <metrics loc="13" ncloc="13" classes="0" methods="0" coveredmethods="0" conditionals="0" coveredconditionals="0" statements="0" coveredstatements="0" elements="0" coveredelements="0"/>
    </file>
    <file name="D:\laravel\cnhan13\secretlab-pset01\app\Http\Controllers\EntryController.php">
      <class name="App\Http\Controllers\EntryController" namespace="global">
        <metrics complexity="3" methods="3" coveredmethods="3" conditionals="0" coveredconditionals="0" statements="3" coveredstatements="3" elements="6" coveredelements="6"/>
      </class>
      <line num="11" type="method" name="store" visibility="public" complexity="1" crap="1" count="6"/>
      <line num="13" type="stmt" count="6"/>
      <line num="16" type="method" name="show" visibility="public" complexity="1" crap="1" count="3"/>
      <line num="18" type="stmt" count="3"/>
      <line num="21" type="method" name="allRecords" visibility="public" complexity="1" crap="1" count="1"/>
      <line num="23" type="stmt" count="1"/>
      <metrics loc="25" ncloc="25" classes="1" methods="3" coveredmethods="3" conditionals="0" coveredconditionals="0" statements="3" coveredstatements="3" elements="6" coveredelements="6"/>
    </file>
    <file name="D:\laravel\cnhan13\secretlab-pset01\app\Http\Requests\ApiRequest.php">
      <class name="App\Http\Requests\ApiRequest" namespace="global">
        <metrics complexity="1" methods="1" coveredmethods="1" conditionals="0" coveredconditionals="0" statements="5" coveredstatements="5" elements="6" coveredelements="6"/>
      </class>
      <line num="14" type="method" name="failedValidation" visibility="protected" complexity="1" crap="1" count="4"/>
      <line num="16" type="stmt" count="4"/>
      <line num="17" type="stmt" count="4"/>
      <line num="18" type="stmt" count="4"/>
      <line num="19" type="stmt" count="4"/>
      <line num="20" type="stmt" count="4"/>
      <metrics loc="22" ncloc="22" classes="1" methods="1" coveredmethods="1" conditionals="0" coveredconditionals="0" statements="5" coveredstatements="5" elements="6" coveredelements="6"/>
    </file>
    <file name="D:\laravel\cnhan13\secretlab-pset01\app\Http\Requests\ShowEntryRequest.php">
      <class name="App\Http\Requests\ShowEntryRequest" namespace="global">
        <metrics complexity="2" methods="2" coveredmethods="2" conditionals="0" coveredconditionals="0" statements="2" coveredstatements="2" elements="4" coveredelements="4"/>
      </class>
      <line num="12" type="method" name="rules" visibility="public" complexity="1" crap="1" count="3"/>
      <line num="15" type="stmt" count="3"/>
      <line num="19" type="method" name="messages" visibility="public" complexity="1" crap="1" count="3"/>
      <line num="22" type="stmt" count="3"/>
      <metrics loc="25" ncloc="22" classes="1" methods="2" coveredmethods="2" conditionals="0" coveredconditionals="0" statements="2" coveredstatements="2" elements="4" coveredelements="4"/>
    </file>
    <file name="D:\laravel\cnhan13\secretlab-pset01\app\Http\Requests\StoreEntryRequest.php">
      <class name="App\Http\Requests\StoreEntryRequest" namespace="global">
        <metrics complexity="6" methods="4" coveredmethods="4" conditionals="0" coveredconditionals="0" statements="9" coveredstatements="9" elements="13" coveredelements="13"/>
      </class>
      <line num="14" type="method" name="rules" visibility="public" complexity="1" crap="1" count="10"/>
      <line num="16" type="stmt" count="10"/>
      <line num="19" type="method" name="prepareForValidation" visibility="protected" complexity="2" crap="2" count="10"/>
      <line num="21" type="stmt" count="10"/>
      <line num="22" type="stmt" count="10"/>
      <line num="23" type="stmt" count="10"/>
      <line num="25" type="method" name="getFormattedData" visibility="private" complexity="2" crap="2" count="9"/>
      <line num="27" type="stmt" count="9"/>
      <line num="28" type="stmt" count="9"/>
      <line num="30" type="stmt" count="9"/>
      <line num="31" type="stmt" count="9"/>
      <line num="35" type="method" name="messages" visibility="public" complexity="1" crap="1" count="10"/>
      <line num="37" type="stmt" count="10"/>
      <metrics loc="39" ncloc="36" classes="1" methods="4" coveredmethods="4" conditionals="0" coveredconditionals="0" statements="9" coveredstatements="9" elements="13" coveredelements="13"/>
    </file>
    <file name="D:\laravel\cnhan13\secretlab-pset01\app\Models\Entry.php">
      <class name="App\Models\Entry" namespace="global">
        <metrics complexity="8" methods="5" coveredmethods="5" conditionals="0" coveredconditionals="0" statements="14" coveredstatements="14" elements="19" coveredelements="19"/>
      </class>
      <line num="23" type="method" name="getDates" visibility="public" complexity="1" crap="1" count="10"/>
      <line num="25" type="stmt" count="10"/>
      <line num="44" type="method" name="showValue" visibility="public" complexity="1" crap="1" count="3"/>
      <line num="46" type="stmt" count="3"/>
      <line num="47" type="stmt" count="3"/>
      <line num="50" type="method" name="isValidTimestamp" visibility="public" complexity="3" crap="3" count="13"/>
      <line num="52" type="stmt" count="13"/>
      <line num="55" type="method" name="getCarbonTimeFromTimestampOrNow" visibility="public" complexity="2" crap="2" count="7"/>
      <line num="57" type="stmt" count="7"/>
      <line num="65" type="method" name="getEntryValueAtTimestamp" visibility="public" complexity="1" crap="1" count="6"/>
      <line num="67" type="stmt" count="6"/>
      <line num="68" type="stmt" count="6"/>
      <line num="69" type="stmt" count="6"/>
      <line num="70" type="stmt" count="6"/>
      <line num="71" type="stmt" count="6"/>
      <line num="72" type="stmt" count="6"/>
      <line num="73" type="stmt" count="6"/>
      <line num="75" type="stmt" count="1"/>
      <line num="78" type="stmt" count="6"/>
      <metrics loc="80" ncloc="64" classes="1" methods="5" coveredmethods="5" conditionals="0" coveredconditionals="0" statements="14" coveredstatements="14" elements="19" coveredelements="19"/>
    </file>
    <metrics files="6" loc="204" ncloc="182" classes="5" methods="15" coveredmethods="15" conditionals="0" coveredconditionals="0" statements="33" coveredstatements="33" elements="48" coveredelements="48"/>
  </project>
</coverage>
