<?xml version="1.0" encoding="UTF-8"?>
<coverage generated="1636736085">
  <project timestamp="1636736085">
    <file name="D:\laravel\cnhan13\secretlab-pset01\app\Http\Controllers\Controller.php">
      <class name="App\Http\Controllers\Controller" namespace="global">
        <metrics complexity="0" methods="0" coveredmethods="0" conditionals="0" coveredconditionals="0" statements="0" coveredstatements="0" elements="0" coveredelements="0"/>
      </class>
      <metrics loc="13" ncloc="13" classes="0" methods="0" coveredmethods="0" conditionals="0" coveredconditionals="0" statements="0" coveredstatements="0" elements="0" coveredelements="0"/>
    </file>
    <file name="D:\laravel\cnhan13\secretlab-pset01\app\Http\Controllers\EntryController.php">
      <class name="App\Http\Controllers\EntryController" namespace="global">
        <metrics complexity="4" methods="3" coveredmethods="3" conditionals="0" coveredconditionals="0" statements="5" coveredstatements="5" elements="8" coveredelements="8"/>
      </class>
      <line num="12" type="method" name="store" visibility="public" complexity="2" crap="2" count="9"/>
      <line num="15" type="stmt" count="9"/>
      <line num="16" type="stmt" count="9"/>
      <line num="17" type="stmt" count="9"/>
      <line num="20" type="method" name="show" visibility="public" complexity="1" crap="1" count="5"/>
      <line num="22" type="stmt" count="5"/>
      <line num="25" type="method" name="allRecords" visibility="public" complexity="1" crap="1" count="1"/>
      <line num="27" type="stmt" count="1"/>
      <metrics loc="29" ncloc="28" classes="1" methods="3" coveredmethods="3" conditionals="0" coveredconditionals="0" statements="5" coveredstatements="5" elements="8" coveredelements="8"/>
    </file>
    <file name="D:\laravel\cnhan13\secretlab-pset01\app\Http\Requests\ApiRequest.php">
      <class name="App\Http\Requests\ApiRequest" namespace="global">
        <metrics complexity="1" methods="1" coveredmethods="1" conditionals="0" coveredconditionals="0" statements="5" coveredstatements="5" elements="6" coveredelements="6"/>
      </class>
      <line num="14" type="method" name="failedValidation" visibility="protected" complexity="1" crap="1" count="3"/>
      <line num="16" type="stmt" count="3"/>
      <line num="17" type="stmt" count="3"/>
      <line num="18" type="stmt" count="3"/>
      <line num="19" type="stmt" count="3"/>
      <line num="20" type="stmt" count="3"/>
      <metrics loc="22" ncloc="22" classes="1" methods="1" coveredmethods="1" conditionals="0" coveredconditionals="0" statements="5" coveredstatements="5" elements="6" coveredelements="6"/>
    </file>
    <file name="D:\laravel\cnhan13\secretlab-pset01\app\Http\Requests\ShowEntryRequest.php">
      <class name="App\Http\Requests\ShowEntryRequest" namespace="global">
        <metrics complexity="2" methods="2" coveredmethods="2" conditionals="0" coveredconditionals="0" statements="2" coveredstatements="2" elements="4" coveredelements="4"/>
      </class>
      <line num="12" type="method" name="rules" visibility="public" complexity="1" crap="1" count="5"/>
      <line num="15" type="stmt" count="5"/>
      <line num="19" type="method" name="messages" visibility="public" complexity="1" crap="1" count="5"/>
      <line num="22" type="stmt" count="5"/>
      <metrics loc="25" ncloc="22" classes="1" methods="2" coveredmethods="2" conditionals="0" coveredconditionals="0" statements="2" coveredstatements="2" elements="4" coveredelements="4"/>
    </file>
    <file name="D:\laravel\cnhan13\secretlab-pset01\app\Http\Requests\StoreEntryRequest.php">
      <class name="App\Http\Requests\StoreEntryRequest" namespace="global">
        <metrics complexity="2" methods="2" coveredmethods="2" conditionals="0" coveredconditionals="0" statements="2" coveredstatements="2" elements="4" coveredelements="4"/>
      </class>
      <line num="17" type="method" name="rules" visibility="public" complexity="1" crap="1" count="12"/>
      <line num="20" type="stmt" count="12"/>
      <line num="24" type="method" name="messages" visibility="public" complexity="1" crap="1" count="12"/>
      <line num="26" type="stmt" count="12"/>
      <metrics loc="28" ncloc="25" classes="1" methods="2" coveredmethods="2" conditionals="0" coveredconditionals="0" statements="2" coveredstatements="2" elements="4" coveredelements="4"/>
    </file>
    <file name="D:\laravel\cnhan13\secretlab-pset01\app\Models\Entry.php">
      <class name="App\Models\Entry" namespace="global">
        <metrics complexity="10" methods="7" coveredmethods="6" conditionals="0" coveredconditionals="0" statements="23" coveredstatements="22" elements="30" coveredelements="28"/>
      </class>
      <line num="17" type="method" name="table" visibility="public" complexity="1" crap="2" count="0"/>
      <line num="19" type="stmt" count="0"/>
      <line num="29" type="method" name="getDates" visibility="public" complexity="1" crap="1" count="13"/>
      <line num="31" type="stmt" count="13"/>
      <line num="54" type="method" name="showValue" visibility="public" complexity="1" crap="1" count="5"/>
      <line num="56" type="stmt" count="5"/>
      <line num="57" type="stmt" count="5"/>
      <line num="60" type="method" name="isValidTimestamp" visibility="public" complexity="3" crap="3" count="15"/>
      <line num="62" type="stmt" count="15"/>
      <line num="65" type="method" name="getCarbonTimeFromTimestampOrNow" visibility="public" complexity="2" crap="2" count="9"/>
      <line num="67" type="stmt" count="9"/>
      <line num="75" type="method" name="getEntryValueAtTimestamp" visibility="public" complexity="1" crap="1" count="8"/>
      <line num="77" type="stmt" count="8"/>
      <line num="78" type="stmt" count="8"/>
      <line num="79" type="stmt" count="8"/>
      <line num="80" type="stmt" count="8"/>
      <line num="81" type="stmt" count="8"/>
      <line num="82" type="stmt" count="8"/>
      <line num="83" type="stmt" count="8"/>
      <line num="85" type="stmt" count="1"/>
      <line num="88" type="stmt" count="8"/>
      <line num="91" type="method" name="createMultipleFromKeyValuePairs" visibility="public" complexity="1" crap="1" count="10"/>
      <line num="93" type="stmt" count="10"/>
      <line num="94" type="stmt" count="10"/>
      <line num="95" type="stmt" count="9"/>
      <line num="96" type="stmt" count="9"/>
      <line num="97" type="stmt" count="9"/>
      <line num="98" type="stmt" count="9"/>
      <line num="99" type="stmt" count="9"/>
      <line num="100" type="stmt" count="10"/>
      <metrics loc="102" ncloc="86" classes="1" methods="7" coveredmethods="6" conditionals="0" coveredconditionals="0" statements="23" coveredstatements="22" elements="30" coveredelements="28"/>
    </file>
    <file name="D:\laravel\cnhan13\secretlab-pset01\app\Rules\KeyMax.php">
      <class name="App\Rules\KeyMax" namespace="global">
        <metrics complexity="4" methods="3" coveredmethods="3" conditionals="0" coveredconditionals="0" statements="4" coveredstatements="4" elements="7" coveredelements="7"/>
      </class>
      <line num="16" type="method" name="__construct" visibility="public" complexity="1" crap="1" count="14"/>
      <line num="18" type="stmt" count="14"/>
      <line num="19" type="stmt" count="14"/>
      <line num="28" type="method" name="passes" visibility="public" complexity="1" crap="1" count="13"/>
      <line num="30" type="stmt" count="13"/>
      <line num="38" type="method" name="message" visibility="public" complexity="2" crap="2" count="1"/>
      <line num="40" type="stmt" count="1"/>
      <metrics loc="42" ncloc="25" classes="1" methods="3" coveredmethods="3" conditionals="0" coveredconditionals="0" statements="4" coveredstatements="4" elements="7" coveredelements="7"/>
    </file>
    <file name="D:\laravel\cnhan13\secretlab-pset01\app\Rules\KeyRequired.php">
      <class name="App\Rules\KeyRequired" namespace="global">
        <metrics complexity="4" methods="3" coveredmethods="3" conditionals="0" coveredconditionals="0" statements="3" coveredstatements="3" elements="6" coveredelements="6"/>
      </class>
      <line num="14" type="method" name="__construct" visibility="public" complexity="1" crap="1" count="14"/>
      <line num="17" type="stmt" count="14"/>
      <line num="26" type="method" name="passes" visibility="public" complexity="2" crap="2" count="13"/>
      <line num="28" type="stmt" count="13"/>
      <line num="36" type="method" name="message" visibility="public" complexity="1" crap="1" count="1"/>
      <line num="38" type="stmt" count="1"/>
      <metrics loc="40" ncloc="23" classes="1" methods="3" coveredmethods="3" conditionals="0" coveredconditionals="0" statements="3" coveredstatements="3" elements="6" coveredelements="6"/>
    </file>
    <file name="D:\laravel\cnhan13\secretlab-pset01\app\Rules\ValueMax.php">
      <class name="App\Rules\ValueMax" namespace="global">
        <metrics complexity="4" methods="3" coveredmethods="3" conditionals="0" coveredconditionals="0" statements="4" coveredstatements="4" elements="7" coveredelements="7"/>
      </class>
      <line num="16" type="method" name="__construct" visibility="public" complexity="1" crap="1" count="14"/>
      <line num="18" type="stmt" count="14"/>
      <line num="19" type="stmt" count="14"/>
      <line num="28" type="method" name="passes" visibility="public" complexity="1" crap="1" count="13"/>
      <line num="30" type="stmt" count="13"/>
      <line num="38" type="method" name="message" visibility="public" complexity="2" crap="2" count="1"/>
      <line num="40" type="stmt" count="1"/>
      <metrics loc="42" ncloc="25" classes="1" methods="3" coveredmethods="3" conditionals="0" coveredconditionals="0" statements="4" coveredstatements="4" elements="7" coveredelements="7"/>
    </file>
    <metrics files="9" loc="343" ncloc="269" classes="8" methods="24" coveredmethods="23" conditionals="0" coveredconditionals="0" statements="48" coveredstatements="47" elements="72" coveredelements="70"/>
  </project>
</coverage>
